  % Total    % Received % Xferd  Average Speed   Time    Time     Time  Current
                                 Dload  Upload   Total   Spent    Left  Speed
  0     0    0     0    0     0      0      0 --:--:-- --:--:-- --:--:--     0*   Trying 3.19.223.181:80...
* Connected to ec2-3-19-223-181.us-east-2.compute.amazonaws.com (3.19.223.181) port 80 (#0)
> GET / HTTP/1.1
> Host: ec2-3-19-223-181.us-east-2.compute.amazonaws.com
> User-Agent: curl/7.85.0
> Accept: */*
> Cookie: login=eyJ1c2VybmFtZSI6ImF3ZGVvcmlvIn0.Y_GdeQ.gx4HQjvEEn4DcGbwP0PHswNNc34
> 
* Mark bundle as not supporting multiuse
< HTTP/1.1 200 OK
< Server: nginx/1.18.0 (Ubuntu)
< Date: Sun, 19 Feb 2023 03:54:43 GMT
< Content-Type: text/html; charset=utf-8
< Content-Length: 1260
< Connection: keep-alive
< Vary: Cookie
< 
{ [1260 bytes data]
100  1260  100  1260    0     0  17700      0 --:--:-- --:--:-- --:--:-- 18529
* Connection #0 to host ec2-3-19-223-181.us-east-2.compute.amazonaws.com left intact
